This file contains any messages produced by compilers while
running configure, to aid debugging if configure makes a mistake.

It was created by configure, which was
generated by GNU Autoconf 2.69.  Invocation command line was

  $ ./configure 

## --------- ##
## Platform. ##
## --------- ##

hostname = gateway
uname -m = i686
uname -r = 3.13.0-rc3-486
uname -s = Linux
uname -v = #91 Wed Feb 26 22:10:58 UTC 2014

/usr/bin/uname -p = unknown
/bin/uname -X     = unknown

/bin/arch              = unknown
/usr/bin/arch -k       = unknown
/usr/convex/getsysinfo = unknown
/usr/bin/hostinfo      = unknown
/bin/machine           = unknown
/usr/bin/oslevel       = unknown
/bin/universe          = unknown

PATH: /usr/prebin
PATH: /usr/local/bin
PATH: /usr/bin
PATH: /usr/X11R7/bin
PATH: /bin
PATH: /usr/games/bin
PATH: /opt/git-1.9.rc0/bin


## ----------- ##
## Core tests. ##
## ----------- ##

configure:2112: checking for gcc
configure:2128: found /usr/bin/gcc
configure:2139: result: gcc
configure:2368: checking for C compiler version
configure:2377: gcc --version >&5
gcc (GCC) 4.8.2
Copyright (C) 2013 Free Software Foundation, Inc.
This is free software; see the source for copying conditions.  There is NO
warranty; not even for MERCHANTABILITY or FITNESS FOR A PARTICULAR PURPOSE.

configure:2388: $? = 0
configure:2377: gcc -v >&5
Using built-in specs.
COLLECT_GCC=gcc
COLLECT_LTO_WRAPPER=/usr/libexec/gcc/i486-pc-linux-gnu/4.8.2/lto-wrapper
Target: i486-pc-linux-gnu
Configured with: ../gcc-4.8.2-src/configure --prefix=/usr --sysconfdir=/etc --includedir=/usr/include --localstatedir=/var --mandir=/usr/share/man --infodir=/usr/share/info --enable-languages=c,c++ --host=i486-pc-linux-gnu --build=i486-pc-linux-gnu --target=i486-pc-linux-gnu --enable-bootstrap : (reconfigured) ../gcc-4.8.2-src/configure --prefix=/usr --sysconfdir=/etc --includedir=/usr/include --localstatedir=/var --mandir=/usr/share/man --infodir=/usr/share/info --enable-languages=c,c++ --host=i486-pc-linux-gnu --build=i486-pc-linux-gnu --target=i486-pc-linux-gnu --enable-bootstrap : (reconfigured) ../gcc-4.8.2-src/configure --prefix=/usr --sysconfdir=/etc --includedir=/usr/include --localstatedir=/var --mandir=/usr/share/man --infodir=/usr/share/info --enable-languages=c,c++ --host=i486-pc-linux-gnu --build=i486-pc-linux-gnu --target=i486-pc-linux-gnu --enable-bootstrap : (reconfigured) ../gcc-4.8.2-src/configure --prefix=/usr --sysconfdir=/etc --includedir=/usr/include --localstatedir=/var --mandir=/usr/share/man --infodir=/usr/share/info --enable-languages=c,c++ --host=i486-pc-linux-gnu --build=i486-pc-linux-gnu --target=i486-pc-linux-gnu --enable-bootstrap : (reconfigured) ../gcc-4.8.2-src/configure --prefix=/usr --sysconfdir=/etc --includedir=/usr/include --localstatedir=/var --mandir=/usr/share/man --infodir=/usr/share/info --enable-languages=c,c++ --host=i486-pc-linux-gnu --build=i486-pc-linux-gnu --target=i486-pc-linux-gnu --enable-bootstrap : (reconfigured) ../gcc-4.8.2-src/configure --prefix=/usr --sysconfdir=/etc --includedir=/usr/include --localstatedir=/var --mandir=/usr/share/man --infodir=/usr/share/info --enable-languages=c,c++ --host=i486-pc-linux-gnu --build=i486-pc-linux-gnu --target=i486-pc-linux-gnu --enable-bootstrap : (reconfigured) ../gcc-4.8.2-src/configure --prefix=/usr --sysconfdir=/etc --includedir=/usr/include --localstatedir=/var --mandir=/usr/share/man --infodir=/usr/share/info --enable-languages=c,c++ --host=i486-pc-linux-gnu --build=i486-pc-linux-gnu --target=i486-pc-linux-gnu --enable-bootstrap : (reconfigured) ../gcc-4.8.2-src/configure --prefix=/usr --sysconfdir=/etc --includedir=/usr/include --localstatedir=/var --mandir=/usr/share/man --infodir=/usr/share/info --enable-languages=c,c++ --host=i486-pc-linux-gnu --build=i486-pc-linux-gnu --target=i486-pc-linux-gnu --enable-bootstrap : (reconfigured) ../gcc-4.8.2-src/configure --prefix=/usr --sysconfdir=/etc --includedir=/usr/include --localstatedir=/var --mandir=/usr/share/man --infodir=/usr/share/info --enable-languages=c,c++ --host=i486-pc-linux-gnu --build=i486-pc-linux-gnu --target=i486-pc-linux-gnu --enable-bootstrap
Thread model: posix
gcc version 4.8.2 (GCC) 
configure:2388: $? = 0
configure:2377: gcc -V >&5
gcc: error: unrecognized command line option '-V'
gcc: fatal error: no input files
compilation terminated.
configure:2388: $? = 1
configure:2377: gcc -qversion >&5
gcc: error: unrecognized command line option '-qversion'
gcc: fatal error: no input files
compilation terminated.
configure:2388: $? = 1
configure:2408: checking whether the C compiler works
configure:2430: gcc    conftest.c  >&5
configure:2434: $? = 0
configure:2482: result: yes
configure:2485: checking for C compiler default output file name
configure:2487: result: a.out
configure:2493: checking for suffix of executables
configure:2500: gcc -o conftest    conftest.c  >&5
configure:2504: $? = 0
configure:2526: result: 
configure:2548: checking whether we are cross compiling
configure:2556: gcc -o conftest    conftest.c  >&5
configure:2560: $? = 0
configure:2567: ./conftest
configure:2571: $? = 0
configure:2586: result: no
configure:2591: checking for suffix of object files
configure:2613: gcc -c   conftest.c >&5
configure:2617: $? = 0
configure:2638: result: o
configure:2642: checking whether we are using the GNU C compiler
configure:2661: gcc -c   conftest.c >&5
configure:2661: $? = 0
configure:2670: result: yes
configure:2679: checking whether gcc accepts -g
configure:2699: gcc -c -g  conftest.c >&5
configure:2699: $? = 0
configure:2740: result: yes
configure:2757: checking for gcc option to accept ISO C89
configure:2820: gcc  -c -g -O2  conftest.c >&5
configure:2820: $? = 0
configure:2833: result: none needed
configure:2859: checking whether make sets $(MAKE)
configure:2885: result: no
configure:2904: checking for a BSD-compatible install
configure:2972: result: /bin/install -c
configure:2989: checking how to run the C preprocessor
configure:3020: gcc -E  conftest.c
configure:3020: $? = 0
configure:3034: gcc -E  conftest.c
conftest.c:9:28: fatal error: ac_nonexistent.h: No such file or directory
 #include <ac_nonexistent.h>
                            ^
compilation terminated.
configure:3034: $? = 1
configure: failed program was:
| /* confdefs.h */
| #define PACKAGE_NAME ""
| #define PACKAGE_TARNAME ""
| #define PACKAGE_VERSION ""
| #define PACKAGE_STRING ""
| #define PACKAGE_BUGREPORT ""
| #define PACKAGE_URL ""
| /* end confdefs.h.  */
| #include <ac_nonexistent.h>
configure:3059: result: gcc -E
configure:3079: gcc -E  conftest.c
configure:3079: $? = 0
configure:3093: gcc -E  conftest.c
conftest.c:9:28: fatal error: ac_nonexistent.h: No such file or directory
 #include <ac_nonexistent.h>
                            ^
compilation terminated.
configure:3093: $? = 1
configure: failed program was:
| /* confdefs.h */
| #define PACKAGE_NAME ""
| #define PACKAGE_TARNAME ""
| #define PACKAGE_VERSION ""
| #define PACKAGE_STRING ""
| #define PACKAGE_BUGREPORT ""
| #define PACKAGE_URL ""
| /* end confdefs.h.  */
| #include <ac_nonexistent.h>
configure:3122: checking for grep that handles long lines and -e
configure:3180: result: /bin/grep
configure:3185: checking for egrep
configure:3247: result: /bin/grep -E
configure:3252: checking for ANSI C header files
configure:3272: gcc -c -g -O2  conftest.c >&5
configure:3272: $? = 0
configure:3345: gcc -o conftest -g -O2   conftest.c  >&5
configure:3345: $? = 0
configure:3345: ./conftest
configure:3345: $? = 0
configure:3356: result: yes
configure:3373: checking for pam_start in -lpam
configure:3398: gcc -o conftest -g -O2   conftest.c -lpam   >&5
configure:3398: $? = 0
configure:3407: result: yes
configure:3428: checking for crypt in -lcrypt
configure:3453: gcc -o conftest -g -O2   conftest.c -lcrypt  -lpam  >&5
configure:3453: $? = 0
configure:3462: result: yes
configure:3480: checking for sys/types.h
configure:3480: gcc -c -g -O2  conftest.c >&5
configure:3480: $? = 0
configure:3480: result: yes
configure:3480: checking for sys/stat.h
configure:3480: gcc -c -g -O2  conftest.c >&5
configure:3480: $? = 0
configure:3480: result: yes
configure:3480: checking for stdlib.h
configure:3480: gcc -c -g -O2  conftest.c >&5
configure:3480: $? = 0
configure:3480: result: yes
configure:3480: checking for string.h
configure:3480: gcc -c -g -O2  conftest.c >&5
configure:3480: $? = 0
configure:3480: result: yes
configure:3480: checking for memory.h
configure:3480: gcc -c -g -O2  conftest.c >&5
configure:3480: $? = 0
configure:3480: result: yes
configure:3480: checking for strings.h
configure:3480: gcc -c -g -O2  conftest.c >&5
configure:3480: $? = 0
configure:3480: result: yes
configure:3480: checking for inttypes.h
configure:3480: gcc -c -g -O2  conftest.c >&5
configure:3480: $? = 0
configure:3480: result: yes
configure:3480: checking for stdint.h
configure:3480: gcc -c -g -O2  conftest.c >&5
configure:3480: $? = 0
configure:3480: result: yes
configure:3480: checking for unistd.h
configure:3480: gcc -c -g -O2  conftest.c >&5
configure:3480: $? = 0
configure:3480: result: yes
configure:3492: checking shadow.h usability
configure:3492: gcc -c -g -O2  conftest.c >&5
configure:3492: $? = 0
configure:3492: result: yes
configure:3492: checking shadow.h presence
configure:3492: gcc -E  conftest.c
configure:3492: $? = 0
configure:3492: result: yes
configure:3492: checking for shadow.h
configure:3492: result: yes
configure:3652: creating ./config.status

## ---------------------- ##
## Running config.status. ##
## ---------------------- ##

This file was extended by config.status, which was
generated by GNU Autoconf 2.69.  Invocation command line was

  CONFIG_FILES    = 
  CONFIG_HEADERS  = 
  CONFIG_LINKS    = 
  CONFIG_COMMANDS = 
  $ ./config.status 

on gateway

config.status:730: creating Makefile
configure:4729: === configuring in libUseful-2.0 (/home/metacosm89/ParanoidTelnetD/libUseful-2.0)
configure:4792: running /bin/sh ./configure --disable-option-checking '--prefix=/usr/local'  --cache-file=/dev/null --srcdir=.

## ---------------- ##
## Cache variables. ##
## ---------------- ##

ac_cv_c_compiler_gnu=yes
ac_cv_env_CC_set=
ac_cv_env_CC_value=
ac_cv_env_CFLAGS_set=
ac_cv_env_CFLAGS_value=
ac_cv_env_CPPFLAGS_set=
ac_cv_env_CPPFLAGS_value=
ac_cv_env_CPP_set=
ac_cv_env_CPP_value=
ac_cv_env_LDFLAGS_set=
ac_cv_env_LDFLAGS_value=
ac_cv_env_LIBS_set=
ac_cv_env_LIBS_value=
ac_cv_env_build_alias_set=
ac_cv_env_build_alias_value=
ac_cv_env_host_alias_set=
ac_cv_env_host_alias_value=
ac_cv_env_target_alias_set=
ac_cv_env_target_alias_value=
ac_cv_header_inttypes_h=yes
ac_cv_header_memory_h=yes
ac_cv_header_shadow_h=yes
ac_cv_header_stdc=yes
ac_cv_header_stdint_h=yes
ac_cv_header_stdlib_h=yes
ac_cv_header_string_h=yes
ac_cv_header_strings_h=yes
ac_cv_header_sys_stat_h=yes
ac_cv_header_sys_types_h=yes
ac_cv_header_unistd_h=yes
ac_cv_lib_crypt_crypt=yes
ac_cv_lib_pam_pam_start=yes
ac_cv_objext=o
ac_cv_path_EGREP='/bin/grep -E'
ac_cv_path_GREP=/bin/grep
ac_cv_path_install='/bin/install -c'
ac_cv_prog_CPP='gcc -E'
ac_cv_prog_ac_ct_CC=gcc
ac_cv_prog_cc_c89=
ac_cv_prog_cc_g=yes
ac_cv_prog_make_make_set=no

## ----------------- ##
## Output variables. ##
## ----------------- ##

CC='gcc'
CFLAGS='-g -O2'
CPP='gcc -E'
CPPFLAGS=''
DEFS='-DPACKAGE_NAME=\"\" -DPACKAGE_TARNAME=\"\" -DPACKAGE_VERSION=\"\" -DPACKAGE_STRING=\"\" -DPACKAGE_BUGREPORT=\"\" -DPACKAGE_URL=\"\" -DSTDC_HEADERS=1 -DHAVE_LIBPAM=1 -DHAVE_LIBCRYPT=1 -DHAVE_SYS_TYPES_H=1 -DHAVE_SYS_STAT_H=1 -DHAVE_STDLIB_H=1 -DHAVE_STRING_H=1 -DHAVE_MEMORY_H=1 -DHAVE_STRINGS_H=1 -DHAVE_INTTYPES_H=1 -DHAVE_STDINT_H=1 -DHAVE_UNISTD_H=1 -DHAVE_SHADOW_H=1'
ECHO_C=''
ECHO_N='-n'
ECHO_T=''
EGREP='/bin/grep -E'
EXEEXT=''
GREP='/bin/grep'
INSTALL_DATA='${INSTALL} -m 644'
INSTALL_PROGRAM='${INSTALL}'
INSTALL_SCRIPT='${INSTALL}'
LDFLAGS=''
LIBOBJS=''
LIBS='-lcrypt -lpam '
LTLIBOBJS=''
OBJEXT='o'
PACKAGE_BUGREPORT=''
PACKAGE_NAME=''
PACKAGE_STRING=''
PACKAGE_TARNAME=''
PACKAGE_URL=''
PACKAGE_VERSION=''
PATH_SEPARATOR=':'
SET_MAKE='MAKE=make'
SHELL='/bin/sh'
VERSION='0.1'
ac_ct_CC='gcc'
bindir='${exec_prefix}/bin'
build_alias=''
datadir='${datarootdir}'
datarootdir='${prefix}/share'
docdir='${datarootdir}/doc/${PACKAGE}'
dvidir='${docdir}'
exec_prefix='${prefix}'
host_alias=''
htmldir='${docdir}'
includedir='${prefix}/include'
infodir='${datarootdir}/info'
libdir='${exec_prefix}/lib'
libexecdir='${exec_prefix}/libexec'
localedir='${datarootdir}/locale'
localstatedir='${prefix}/var'
mandir='${datarootdir}/man'
oldincludedir='/usr/include'
pdfdir='${docdir}'
prefix='/usr/local'
program_transform_name='s,x,x,'
psdir='${docdir}'
sbindir='${exec_prefix}/sbin'
sharedstatedir='${prefix}/com'
subdirs=' libUseful-2.0'
sysconfdir='${prefix}/etc'
target_alias=''

## ----------- ##
## confdefs.h. ##
## ----------- ##

/* confdefs.h */
#define PACKAGE_NAME ""
#define PACKAGE_TARNAME ""
#define PACKAGE_VERSION ""
#define PACKAGE_STRING ""
#define PACKAGE_BUGREPORT ""
#define PACKAGE_URL ""
#define STDC_HEADERS 1
#define HAVE_LIBPAM 1
#define HAVE_LIBCRYPT 1
#define HAVE_SYS_TYPES_H 1
#define HAVE_SYS_STAT_H 1
#define HAVE_STDLIB_H 1
#define HAVE_STRING_H 1
#define HAVE_MEMORY_H 1
#define HAVE_STRINGS_H 1
#define HAVE_INTTYPES_H 1
#define HAVE_STDINT_H 1
#define HAVE_UNISTD_H 1
#define HAVE_SHADOW_H 1

configure: exit 0
